c:\mac\home\documents\school\2024-2025\tools_and_technologies_for_interactive_systems\project\project1\x64\debug\project1.pdb
c:\mac\home\documents\school\2024-2025\tools_and_technologies_for_interactive_systems\project\project1\project1\x64\debug\vc143.pdb
c:\mac\home\documents\school\2024-2025\tools_and_technologies_for_interactive_systems\project\project1\project1\x64\debug\project1.ilk
c:\mac\home\documents\school\2024-2025\tools_and_technologies_for_interactive_systems\project\project1\project1\x64\debug\game.obj
c:\mac\home\documents\school\2024-2025\tools_and_technologies_for_interactive_systems\project\project1\project1\x64\debug\main.obj
c:\mac\home\documents\school\2024-2025\tools_and_technologies_for_interactive_systems\project\project1\project1\x64\debug\application.obj
c:\mac\home\documents\school\2024-2025\tools_and_technologies_for_interactive_systems\project\project1\project1\x64\debug\partialcalibration.obj
c:\mac\home\documents\school\2024-2025\tools_and_technologies_for_interactive_systems\project\project1\project1\x64\debug\skeletonbasics.res
c:\mac\home\documents\school\2024-2025\tools_and_technologies_for_interactive_systems\project\project1\project1\x64\debug\vc143.idb
c:\mac\home\documents\school\2024-2025\tools_and_technologies_for_interactive_systems\project\project1\x64\debug\project1.exe
c:\mac\home\documents\school\2024-2025\tools_and_technologies_for_interactive_systems\project\project1\project1\x64\debug\project1.tlog\link.read.1.tlog
c:\mac\home\documents\school\2024-2025\tools_and_technologies_for_interactive_systems\project\project1\project1\x64\debug\project1.tlog\link.command.1.tlog
c:\mac\home\documents\school\2024-2025\tools_and_technologies_for_interactive_systems\project\project1\project1\x64\debug\project1.tlog\rc.command.1.tlog
c:\mac\home\documents\school\2024-2025\tools_and_technologies_for_interactive_systems\project\project1\project1\x64\debug\project1.tlog\link.write.1.tlog
c:\mac\home\documents\school\2024-2025\tools_and_technologies_for_interactive_systems\project\project1\project1\x64\debug\project1.tlog\rc.write.1.tlog
c:\mac\home\documents\school\2024-2025\tools_and_technologies_for_interactive_systems\project\project1\project1\x64\debug\project1.tlog\link.secondary.1.tlog
c:\mac\home\documents\school\2024-2025\tools_and_technologies_for_interactive_systems\project\project1\project1\x64\debug\project1.tlog\cl.command.1.tlog
c:\mac\home\documents\school\2024-2025\tools_and_technologies_for_interactive_systems\project\project1\project1\x64\debug\project1.tlog\rc.read.1.tlog
c:\mac\home\documents\school\2024-2025\tools_and_technologies_for_interactive_systems\project\project1\project1\x64\debug\project1.tlog\cl.write.1.tlog
c:\mac\home\documents\school\2024-2025\tools_and_technologies_for_interactive_systems\project\project1\project1\x64\debug\project1.tlog\cl.items.tlog
